<?xml version="1.0" encoding="UTF-8"?>
<testng-results ignored="0" total="1" passed="1" failed="0" skipped="0">
  <reporter-output>
  </reporter-output>
  <suite started-at="2024-09-17T19:39:18 IST" name="Default suite" finished-at="2024-09-17T19:39:26 IST" duration-ms="8405">
    <groups>
    </groups>
    <test started-at="2024-09-17T19:39:18 IST" name="Default test" finished-at="2024-09-17T19:39:26 IST" duration-ms="8405">
      <class name="testCaseRepo.tc_01_01">
        <test-method is-config="true" signature="dbConnection()[pri:0, instance:testCaseRepo.tc_01_01@5b247367]" started-at="2024-09-17T19:39:18 IST" name="dbConnection" finished-at="2024-09-17T19:39:18 IST" duration-ms="7" status="PASS">
          <reporter-output>
          </reporter-output>
        </test-method> <!-- dbConnection -->
        <test-method is-config="true" signature="launchbrowser()[pri:0, instance:testCaseRepo.tc_01_01@5b247367]" started-at="2024-09-17T19:39:18 IST" name="launchbrowser" finished-at="2024-09-17T19:39:22 IST" duration-ms="4348" status="PASS">
          <reporter-output>
          </reporter-output>
        </test-method> <!-- launchbrowser -->
        <test-method is-config="true" signature="loginToApp()[pri:0, instance:testCaseRepo.tc_01_01@5b247367]" started-at="2024-09-17T19:39:22 IST" name="loginToApp" finished-at="2024-09-17T19:39:25 IST" duration-ms="2765" status="PASS">
          <reporter-output>
          </reporter-output>
        </test-method> <!-- loginToApp -->
        <test-method signature="Tc_01_01()[pri:0, instance:testCaseRepo.tc_01_01@5b247367]" started-at="2024-09-17T19:39:25 IST" name="Tc_01_01" finished-at="2024-09-17T19:39:25 IST" duration-ms="3" status="PASS">
          <reporter-output>
          </reporter-output>
        </test-method> <!-- Tc_01_01 -->
        <test-method is-config="true" signature="logoutofapp()[pri:0, instance:testCaseRepo.tc_01_01@5b247367]" started-at="2024-09-17T19:39:25 IST" name="logoutofapp" finished-at="2024-09-17T19:39:26 IST" duration-ms="1259" status="PASS">
          <reporter-output>
          </reporter-output>
        </test-method> <!-- logoutofapp -->
      </class> <!-- testCaseRepo.tc_01_01 -->
    </test> <!-- Default test -->
  </suite> <!-- Default suite -->
</testng-results>
